TN:
SF:/Users/sky/Documents/Project/rats/countdown/CountDown.js
FN:34,(anonymous_0)
FN:35,CountDown
FN:52,init
FN:59,(anonymous_3)
FN:70,setRemainTime
FN:90,setTime
FN:107,setCallback
FN:121,registerSymbol
FN:132,registerFinishedSymbol
FN:143,registerUnstartSymbol
FN:154,start
FN:174,play
FN:181,__callback__
FN:230,pause
FN:242,exit
FN:254,_registerSymbol
FN:328,_getBreakPointSymbols
FN:409,_getRemainTimeFormat
FN:441,(anonymous_18)
FN:468,(anonymous_19)
FN:482,(anonymous_20)
FN:483,(anonymous_21)
FNF:22
FNH:14
FNDA:2,(anonymous_0)
FNDA:8,CountDown
FNDA:19,init
FNDA:0,(anonymous_3)
FNDA:3,setRemainTime
FNDA:2,setTime
FNDA:0,setCallback
FNDA:6,registerSymbol
FNDA:1,registerFinishedSymbol
FNDA:1,registerUnstartSymbol
FNDA:0,start
FNDA:0,play
FNDA:0,__callback__
FNDA:3,pause
FNDA:3,exit
FNDA:8,_registerSymbol
FNDA:0,_getBreakPointSymbols
FNDA:2,_getRemainTimeFormat
FNDA:18,(anonymous_18)
FNDA:4,(anonymous_19)
FNDA:0,(anonymous_20)
FNDA:0,(anonymous_21)
DA:34,2
DA:36,8
DA:38,8
DA:50,2
DA:53,19
DA:54,19
DA:55,19
DA:56,19
DA:57,19
DA:59,19
DA:71,3
DA:72,0
DA:75,3
DA:76,3
DA:77,3
DA:91,2
DA:92,2
DA:93,2
DA:94,2
DA:95,2
DA:96,2
DA:108,0
DA:109,0
DA:110,0
DA:122,6
DA:133,1
DA:144,1
DA:155,0
DA:157,0
DA:160,0
DA:162,0
DA:163,0
DA:175,0
DA:177,0
DA:178,0
DA:182,0
DA:183,0
DA:184,0
DA:185,0
DA:186,0
DA:188,0
DA:190,0
DA:192,0
DA:194,0
DA:196,0
DA:197,0
DA:200,0
DA:201,0
DA:204,0
DA:206,0
DA:209,0
DA:212,0
DA:215,0
DA:216,0
DA:220,0
DA:231,3
DA:232,3
DA:243,3
DA:255,8
DA:256,0
DA:257,0
DA:260,8
DA:261,0
DA:262,0
DA:265,8
DA:266,8
DA:268,8
DA:270,1
DA:271,1
DA:274,1
DA:275,1
DA:278,6
DA:281,8
DA:282,8
DA:283,8
DA:284,8
DA:286,8
DA:287,3
DA:288,5
DA:289,3
DA:291,2
DA:294,8
DA:295,4
DA:296,2
DA:297,1
DA:298,1
DA:300,1
DA:301,0
DA:304,1
DA:305,1
DA:308,2
DA:310,2
DA:314,0
DA:317,8
DA:318,8
DA:319,8
DA:329,0
DA:330,0
DA:332,0
DA:333,0
DA:334,0
DA:335,0
DA:336,0
DA:337,0
DA:339,0
DA:342,0
DA:343,0
DA:346,0
DA:347,0
DA:348,0
DA:351,0
DA:352,0
DA:354,0
DA:355,0
DA:358,0
DA:359,0
DA:360,0
DA:363,0
DA:364,0
DA:367,0
DA:368,0
DA:371,0
DA:375,0
DA:376,0
DA:377,0
DA:378,0
DA:380,0
DA:381,0
DA:382,0
DA:383,0
DA:384,0
DA:387,0
DA:388,0
DA:390,0
DA:391,0
DA:395,0
DA:400,0
DA:410,2
DA:411,1
DA:414,1
DA:415,1
DA:416,1
DA:417,1
DA:418,1
DA:419,1
DA:420,1
DA:421,1
DA:422,1
DA:423,1
DA:424,1
DA:425,1
DA:426,1
DA:427,1
DA:431,2
DA:441,2
DA:442,18
DA:444,18
DA:445,3
DA:446,15
DA:447,7
DA:448,8
DA:450,5
DA:451,5
DA:452,5
DA:455,5
DA:457,3
DA:460,18
DA:468,2
DA:469,4
DA:470,0
DA:473,4
DA:474,4
DA:482,2
DA:483,0
DA:484,0
LF:175
LH:93
BRDA:71,0,0,0
BRDA:71,0,1,3
BRDA:75,1,0,0
BRDA:75,1,1,3
BRDA:95,2,0,2
BRDA:95,2,1,0
BRDA:162,3,0,0
BRDA:162,3,1,0
BRDA:177,4,0,0
BRDA:177,4,1,0
BRDA:177,5,0,0
BRDA:177,5,1,0
BRDA:188,6,0,0
BRDA:188,6,1,0
BRDA:196,7,0,0
BRDA:196,7,1,0
BRDA:200,8,0,0
BRDA:200,8,1,0
BRDA:215,9,0,0
BRDA:215,9,1,0
BRDA:255,10,0,0
BRDA:255,10,1,8
BRDA:260,11,0,0
BRDA:260,11,1,8
BRDA:268,12,0,1
BRDA:268,12,1,1
BRDA:268,12,2,6
BRDA:281,13,0,8
BRDA:281,13,1,0
BRDA:286,14,0,3
BRDA:286,14,1,5
BRDA:288,15,0,3
BRDA:288,15,1,2
BRDA:294,16,0,4
BRDA:294,16,1,4
BRDA:295,17,0,2
BRDA:295,17,1,2
BRDA:296,18,0,1
BRDA:296,18,1,1
BRDA:300,19,0,0
BRDA:300,19,1,1
BRDA:333,20,0,0
BRDA:333,20,1,0
BRDA:339,21,0,0
BRDA:339,21,1,0
BRDA:339,21,2,0
BRDA:339,21,3,0
BRDA:339,21,4,0
BRDA:346,22,0,0
BRDA:346,22,1,0
BRDA:358,23,0,0
BRDA:358,23,1,0
BRDA:363,24,0,0
BRDA:363,24,1,0
BRDA:375,25,0,0
BRDA:375,25,1,0
BRDA:380,26,0,0
BRDA:380,26,1,0
BRDA:381,27,0,0
BRDA:381,27,1,0
BRDA:382,28,0,0
BRDA:382,28,1,0
BRDA:387,29,0,0
BRDA:387,29,1,0
BRDA:390,30,0,0
BRDA:390,30,1,0
BRDA:390,31,0,0
BRDA:390,31,1,0
BRDA:410,32,0,1
BRDA:410,32,1,1
BRDA:444,33,0,3
BRDA:444,33,1,15
BRDA:446,34,0,7
BRDA:446,34,1,8
BRDA:446,35,0,15
BRDA:446,35,1,7
BRDA:446,35,2,2
BRDA:448,36,0,5
BRDA:448,36,1,3
BRDA:448,37,0,8
BRDA:448,37,1,8
BRDA:450,38,0,5
BRDA:450,38,1,0
BRDA:469,39,0,0
BRDA:469,39,1,4
BRDA:469,40,0,4
BRDA:469,40,1,4
BRDA:469,40,2,4
BRF:88
BRH:38
end_of_record
TN:
SF:/Users/sky/Documents/Project/rats/countdown/requestAnimationFrame.js
FN:21,requestAnimationFrame
FN:24,(anonymous_1)
FN:34,cancelAnimationFrame
FNF:3
FNH:0
FNDA:0,requestAnimationFrame
FNDA:0,(anonymous_1)
FNDA:0,cancelAnimationFrame
DA:8,3
DA:9,3
DA:10,3
DA:11,3
DA:13,3
DA:14,0
DA:16,0
DA:20,3
DA:21,0
DA:22,0
DA:23,0
DA:24,0
DA:25,0
DA:27,0
DA:28,0
DA:33,3
DA:34,0
DA:35,0
DA:39,3
DA:40,3
LF:20
LH:9
BRDA:13,0,0,3
BRDA:13,0,1,0
BRDA:16,1,0,0
BRDA:16,1,1,0
BRDA:20,2,0,0
BRDA:20,2,1,3
BRDA:33,3,0,0
BRDA:33,3,1,3
BRF:8
BRH:3
end_of_record
TN:
SF:/Users/sky/Documents/Project/rats/test/unit/countdown/CountDown.spec.js
FN:2,(anonymous_0)
FN:3,(anonymous_1)
FN:7,(anonymous_2)
FN:11,(anonymous_3)
FN:16,(anonymous_4)
FN:17,(anonymous_5)
FN:26,(anonymous_6)
FN:41,(anonymous_7)
FN:42,(anonymous_8)
FN:46,(anonymous_9)
FN:51,(anonymous_10)
FN:56,(anonymous_11)
FN:63,(anonymous_12)
FN:65,(anonymous_13)
FN:68,(anonymous_14)
FN:73,(anonymous_15)
FN:81,(anonymous_16)
FN:90,(anonymous_17)
FN:92,(anonymous_18)
FN:95,(anonymous_19)
FN:103,(anonymous_20)
FN:111,(anonymous_21)
FN:120,(anonymous_22)
FN:130,(anonymous_23)
FN:141,(anonymous_24)
FN:150,(anonymous_25)
FN:160,(anonymous_26)
FN:172,(anonymous_27)
FN:174,(anonymous_28)
FNF:29
FNH:28
FNDA:1,(anonymous_0)
FNDA:1,(anonymous_1)
FNDA:1,(anonymous_2)
FNDA:1,(anonymous_3)
FNDA:1,(anonymous_4)
FNDA:1,(anonymous_5)
FNDA:1,(anonymous_6)
FNDA:1,(anonymous_7)
FNDA:1,(anonymous_8)
FNDA:1,(anonymous_9)
FNDA:1,(anonymous_10)
FNDA:1,(anonymous_11)
FNDA:1,(anonymous_12)
FNDA:3,(anonymous_13)
FNDA:1,(anonymous_14)
FNDA:1,(anonymous_15)
FNDA:1,(anonymous_16)
FNDA:1,(anonymous_17)
FNDA:8,(anonymous_18)
FNDA:1,(anonymous_19)
FNDA:1,(anonymous_20)
FNDA:1,(anonymous_21)
FNDA:1,(anonymous_22)
FNDA:1,(anonymous_23)
FNDA:1,(anonymous_24)
FNDA:1,(anonymous_25)
FNDA:1,(anonymous_26)
FNDA:1,(anonymous_27)
FNDA:0,(anonymous_28)
DA:2,1
DA:3,1
DA:4,1
DA:5,1
DA:7,1
DA:8,1
DA:9,1
DA:11,1
DA:12,1
DA:13,1
DA:16,1
DA:17,1
DA:18,1
DA:19,1
DA:21,1
DA:23,1
DA:24,1
DA:26,1
DA:27,1
DA:28,1
DA:30,1
DA:32,1
DA:33,1
DA:34,1
DA:35,1
DA:36,1
DA:37,1
DA:38,1
DA:41,1
DA:42,1
DA:43,1
DA:44,1
DA:46,1
DA:47,1
DA:48,1
DA:49,1
DA:51,1
DA:52,1
DA:53,1
DA:54,1
DA:56,1
DA:57,1
DA:58,1
DA:59,1
DA:60,1
DA:63,1
DA:64,1
DA:65,1
DA:66,3
DA:68,1
DA:69,1
DA:70,1
DA:71,1
DA:73,1
DA:74,1
DA:75,1
DA:76,1
DA:77,1
DA:78,1
DA:79,1
DA:81,1
DA:82,1
DA:83,1
DA:84,1
DA:85,1
DA:86,1
DA:87,1
DA:90,1
DA:91,1
DA:92,1
DA:93,8
DA:95,1
DA:96,1
DA:97,1
DA:98,1
DA:99,1
DA:100,1
DA:101,1
DA:103,1
DA:104,1
DA:105,1
DA:106,1
DA:107,1
DA:108,1
DA:109,1
DA:111,1
DA:112,1
DA:113,1
DA:114,1
DA:115,1
DA:116,1
DA:117,1
DA:118,1
DA:120,1
DA:121,1
DA:122,1
DA:123,1
DA:124,1
DA:125,1
DA:126,1
DA:127,1
DA:128,1
DA:130,1
DA:131,1
DA:132,1
DA:133,1
DA:134,1
DA:135,1
DA:136,1
DA:137,1
DA:138,1
DA:139,1
DA:141,1
DA:142,1
DA:143,1
DA:144,1
DA:145,1
DA:146,1
DA:147,1
DA:148,1
DA:150,1
DA:151,1
DA:152,1
DA:153,1
DA:154,1
DA:155,1
DA:156,1
DA:157,1
DA:158,1
DA:160,1
DA:161,1
DA:162,1
DA:163,1
DA:164,1
DA:165,1
DA:166,1
DA:167,1
DA:168,1
DA:169,1
DA:172,1
DA:173,1
DA:174,1
DA:175,0
LF:143
LH:142
BRF:0
BRH:0
end_of_record
